<?xml version="1.0" encoding="UTF-8"?>
<testng-results skipped="0" failed="0" total="2" passed="2">
  <reporter-output>
  </reporter-output>
  <suite name="Default suite" duration-ms="20521" started-at="2017-10-10T12:24:29Z" finished-at="2017-10-10T12:24:49Z">
    <groups>
    </groups>
    <test name="Default test" duration-ms="20521" started-at="2017-10-10T12:24:29Z" finished-at="2017-10-10T12:24:49Z">
      <class name="testClasses.LoginPageTest">
        <test-method status="PASS" signature="setDriver()[pri:0, instance:testClasses.LoginPageTest@51efea79]" name="setDriver" is-config="true" duration-ms="6143" started-at="2017-10-10T17:54:29Z" finished-at="2017-10-10T17:54:35Z">
          <reporter-output>
          </reporter-output>
        </test-method> <!-- setDriver -->
        <test-method status="PASS" signature="loginWithCorrectCredential()[pri:0, instance:testClasses.LoginPageTest@51efea79]" name="loginWithCorrectCredential" duration-ms="3330" started-at="2017-10-10T17:54:35Z" finished-at="2017-10-10T17:54:38Z">
          <reporter-output>
          </reporter-output>
        </test-method> <!-- loginWithCorrectCredential -->
        <test-method status="PASS" signature="quitBrowser()[pri:0, instance:testClasses.LoginPageTest@51efea79]" name="quitBrowser" is-config="true" duration-ms="671" started-at="2017-10-10T17:54:38Z" finished-at="2017-10-10T17:54:39Z">
          <reporter-output>
          </reporter-output>
        </test-method> <!-- quitBrowser -->
        <test-method status="PASS" signature="setDriver()[pri:0, instance:testClasses.LoginPageTest@51efea79]" name="setDriver" is-config="true" duration-ms="8547" started-at="2017-10-10T17:54:39Z" finished-at="2017-10-10T17:54:48Z">
          <reporter-output>
          </reporter-output>
        </test-method> <!-- setDriver -->
        <test-method status="PASS" signature="loginWithInCorrectCredential()[pri:0, instance:testClasses.LoginPageTest@51efea79]" name="loginWithInCorrectCredential" duration-ms="1161" started-at="2017-10-10T17:54:48Z" finished-at="2017-10-10T17:54:49Z">
          <reporter-output>
          </reporter-output>
        </test-method> <!-- loginWithInCorrectCredential -->
        <test-method status="PASS" signature="quitBrowser()[pri:0, instance:testClasses.LoginPageTest@51efea79]" name="quitBrowser" is-config="true" duration-ms="655" started-at="2017-10-10T17:54:49Z" finished-at="2017-10-10T17:54:49Z">
          <reporter-output>
          </reporter-output>
        </test-method> <!-- quitBrowser -->
      </class> <!-- testClasses.LoginPageTest -->
    </test> <!-- Default test -->
  </suite> <!-- Default suite -->
</testng-results>
